Arguments: 
  /usr/local/Cellar/node/15.2.0/bin/node /usr/local/Cellar/yarn/1.22.10/libexec/bin/yarn.js init

PATH: 
  /Users/ceubanks/.cargo/bin:/Users/ceubanks/bin:/Users/cme/Dev/kitty/kitty.app/Contents/MacOS:/usr/bin:/bin:/usr/sbin:/sbin:/usr/local/bin:/Users/cme/bin

Yarn version: 
  1.22.10

Node version: 
  15.2.0

Platform: 
  darwin x64

Trace: 
  Error: canceled
      at Interface.<anonymous> (/usr/local/Cellar/yarn/1.22.10/libexec/lib/cli.js:137009:13)
      at Interface.emit (node:events:329:20)
      at Interface._ttyWrite (node:readline:875:16)
      at ReadStream.onkeypress (node:readline:213:10)
      at ReadStream.emit (node:events:329:20)
      at emitKeys (node:internal/readline/utils:345:14)
      at emitKeys.next (<anonymous>)
      at ReadStream.onData (node:readline:1144:36)
      at ReadStream.emit (node:events:329:20)
      at addChunk (node:internal/streams/readable:304:12)

npm manifest: 
  {
    "name": "obsid-todo",
    "version": "1.0.0",
    "description": "todos for obsidian",
    "main": "todo.js",
    "scripts": {
      "test": "jest"
    },
    "repository": {
      "type": "git",
      "url": "."
    },
    "keywords": [
      "productivity",
      "node"
    ],
    "author": "Charles Eubanks",
    "license": "ISC",
    "dependencies": {
      "ansi-escapes": "^4.3.1",
      "chalk": "^4.1.0",
      "chokidar": "^3.4.2",
      "commander": "^6.1.0",
      "markdown-it": "^11.0.0",
      "markdown-it-task-lists": "^2.1.1",
      "moment": "^2.27.0",
      "terminal-block-fonts": "^1.0.2",
      "toml": "^3.0.0"
    },
    "devDependencies": {
      "faucet": "^0.0.1",
      "jest": "^26.6.0",
      "tape": "^5.0.1"
    }
  }

yarn manifest: 
  No manifest

Lockfile: 
  No lockfile
